[35m[1mScanning dependencies of target set_target_bt_node[0m
[ 11%] Built target base_unfolds_condition_bt_node
[ 22%] Built target game_start_condition_bt_node
[ 33%] Built target low_hp_condition_bt_node
[ 44%] Built target air_force_condition_bt_node
[ 55%] Built target go_back_bt_node
[ 66%] Built target outpost_survives_condition_bt_node
[ 77%] Built target rmul_patrol_bt_node
[ 88%] Built target rmul_go_supply_bt_node
[ 94%] [32mBuilding CXX object CMakeFiles/set_target_bt_node.dir/plugins/service/set_target_service.cpp.o[0m
[01m[K/home/niuoruo/workspace/sentry/ws/sentry_desicion/src/sentry_behavior_tree/plugins/service/set_target_service.cpp:[m[K In member function â€˜[01m[Kvirtual BT::NodeStatus sentry_behavior_tree::SetTargetService::check_future(std::shared_future<std::shared_ptr<sentry_srvs::srv::NavTarget_Response_<std::allocator<void> > > >)[m[Kâ€™:
[01m[K/home/niuoruo/workspace/sentry/ws/sentry_desicion/src/sentry_behavior_tree/plugins/service/set_target_service.cpp:26:43:[m[K [01;31m[Kerror: [m[Kexpected â€˜[01m[K;[m[Kâ€™ before â€˜[01m[Kelse[m[Kâ€™
   26 |             return BT::NodeStatus::SUCCESS
      |                                           [01;31m[K^[m[K
      |                                           [32m[K;[m[K
   27 |         [32m[Kelse[m[K if (rc == rclcpp::FutureReturnCode::TIMEOUT)
      |         [32m[K~~~~[m[K                               
make[2]: *** [CMakeFiles/set_target_bt_node.dir/build.make:63: CMakeFiles/set_target_bt_node.dir/plugins/service/set_target_service.cpp.o] Error 1
make[1]: *** [CMakeFiles/Makefile2:202: CMakeFiles/set_target_bt_node.dir/all] Error 2
make: *** [Makefile:141: all] Error 2
