-- The C compiler identification is GNU 9.4.0
-- The CXX compiler identification is GNU 9.4.0
-- Check for working C compiler: /usr/bin/cc
-- Check for working C compiler: /usr/bin/cc -- works
-- Detecting C compiler ABI info
-- Detecting C compiler ABI info - done
-- Detecting C compile features
-- Detecting C compile features - done
-- Check for working CXX compiler: /usr/bin/c++
-- Check for working CXX compiler: /usr/bin/c++ -- works
-- Detecting CXX compiler ABI info
-- Detecting CXX compiler ABI info - done
-- Detecting CXX compile features
-- Detecting CXX compile features - done
-- Found ament_cmake: 0.9.12 (/opt/ros/foxy/share/ament_cmake/cmake)
-- Found PythonInterp: /usr/bin/python3 (found suitable version "3.8.10", minimum required is "3") 
-- Using PYTHON_EXECUTABLE: /usr/bin/python3
-- Found rclcpp: 2.4.3 (/opt/ros/foxy/share/rclcpp/cmake)
-- Using all available rosidl_typesupport_c: rosidl_typesupport_fastrtps_c;rosidl_typesupport_introspection_c
-- Found rosidl_adapter: 1.3.1 (/opt/ros/foxy/share/rosidl_adapter/cmake)
-- Found OpenSSL: /usr/lib/x86_64-linux-gnu/libcrypto.so (found version "1.1.1f")  
-- Found FastRTPS: /opt/ros/foxy/include  
-- Using all available rosidl_typesupport_cpp: rosidl_typesupport_fastrtps_cpp;rosidl_typesupport_introspection_cpp
-- Found rmw_implementation_cmake: 1.0.4 (/opt/ros/foxy/share/rmw_implementation_cmake/cmake)
-- Using RMW implementation 'rmw_fastrtps_cpp' as default
-- Looking for pthread.h
-- Looking for pthread.h - found
-- Performing Test CMAKE_HAVE_LIBC_PTHREAD
-- Performing Test CMAKE_HAVE_LIBC_PTHREAD - Failed
-- Looking for pthread_create in pthreads
-- Looking for pthread_create in pthreads - not found
-- Looking for pthread_create in pthread
-- Looking for pthread_create in pthread - found
-- Found Threads: TRUE  
-- Found nav2_util: 0.4.7 (/opt/ros/foxy/share/nav2_util/cmake)
-- Found eigen3_cmake_module: 0.1.1 (/opt/ros/foxy/share/eigen3_cmake_module/cmake)
-- Found Eigen3: TRUE (found version "3.3.7") 
-- Found sentry_interfaces: 0.0.0 (/home/niuoruo/workspace/sentry/ws/sentry_desicion/install/sentry_interfaces/share/sentry_interfaces/cmake)
-- Found sentry_srvs: 0.0.0 (/home/niuoruo/workspace/sentry/ws/sentry_desicion/install/sentry_srvs/share/sentry_srvs/cmake)
-- Found ament_lint_auto: 0.9.8 (/opt/ros/foxy/share/ament_lint_auto/cmake)
-- Added test 'copyright' to check source files copyright and LICENSE
-- Added test 'cppcheck' to perform static code analysis on C / C++ code
-- Configured cppcheck include dirs: /home/niuoruo/workspace/sentry/ws/sentry_desicion/src/sentry_behavior_tree/include
-- Configured cppcheck exclude dirs and/or files: 
-- Added test 'cpplint' to check C / C++ code against the Google style
-- Configured cpplint exclude dirs and/or files: 
-- Added test 'lint_cmake' to check CMake code style
-- Added test 'uncrustify' to check C / C++ code style
-- Configured uncrustify additional arguments: 
-- Added test 'xmllint' to check XML markup files
-- Configuring done
-- Generating done
-- Build files have been written to: /home/niuoruo/workspace/sentry/ws/sentry_desicion/build/sentry_behavior_tree
[35m[1mScanning dependencies of target rmul_patrol_bt_node[0m
[35m[1mScanning dependencies of target set_target_bt_node[0m
[35m[1mScanning dependencies of target air_force_condition_bt_node[0m
[35m[1mScanning dependencies of target outpost_survives_condition_bt_node[0m
[35m[1mScanning dependencies of target low_hp_condition_bt_node[0m
[35m[1mScanning dependencies of target go_back_bt_node[0m
[35m[1mScanning dependencies of target game_start_condition_bt_node[0m
[35m[1mScanning dependencies of target rmul_go_supply_bt_node[0m
[35m[1mScanning dependencies of target base_unfolds_condition_bt_node[0m
[  5%] [32mBuilding CXX object CMakeFiles/air_force_condition_bt_node.dir/plugins/condition/air_force_condition.cpp.o[0m
[ 11%] [32mBuilding CXX object CMakeFiles/outpost_survives_condition_bt_node.dir/plugins/condition/outpost_survives_condition.cpp.o[0m
[ 16%] [32mBuilding CXX object CMakeFiles/low_hp_condition_bt_node.dir/plugins/condition/low_hp_condition.cpp.o[0m
[ 22%] [32mBuilding CXX object CMakeFiles/game_start_condition_bt_node.dir/plugins/condition/game_start_condition.cpp.o[0m
[ 27%] [32mBuilding CXX object CMakeFiles/base_unfolds_condition_bt_node.dir/plugins/condition/base_unfolds_condition.cpp.o[0m
[ 33%] [32mBuilding CXX object CMakeFiles/go_back_bt_node.dir/plugins/service/go_back_service.cpp.o[0m
[ 38%] [32mBuilding CXX object CMakeFiles/set_target_bt_node.dir/plugins/service/set_target_service.cpp.o[0m
[ 44%] [32mBuilding CXX object CMakeFiles/rmul_patrol_bt_node.dir/plugins/service/rmul_patrol_service.cpp.o[0m
[ 50%] [32mBuilding CXX object CMakeFiles/rmul_go_supply_bt_node.dir/plugins/service/rmul_go_supply_service.cpp.o[0m
[ 55%] [32m[1mLinking CXX shared library liblow_hp_condition_bt_node.so[0m
[ 61%] [32m[1mLinking CXX shared library libgame_start_condition_bt_node.so[0m
[ 61%] Built target low_hp_condition_bt_node
[ 61%] Built target game_start_condition_bt_node
[ 66%] [32m[1mLinking CXX shared library libbase_unfolds_condition_bt_node.so[0m
[ 72%] [32m[1mLinking CXX shared library liboutpost_survives_condition_bt_node.so[0m
[ 77%] [32m[1mLinking CXX shared library libair_force_condition_bt_node.so[0m
[ 77%] Built target outpost_survives_condition_bt_node
[ 77%] Built target base_unfolds_condition_bt_node
[ 77%] Built target air_force_condition_bt_node
In file included from [01m[K/home/niuoruo/workspace/sentry/ws/sentry_desicion/src/sentry_behavior_tree/plugins/service/set_target_service.cpp:2[m[K:
[01m[K/home/niuoruo/workspace/sentry/ws/sentry_desicion/src/sentry_behavior_tree/include/sentry_behavior_tree/plugins/service/set_target_service.hpp:13:85:[m[K [01;31m[Kerror: [m[Kâ€˜[01m[KNavTarget[m[Kâ€™ is not a member of â€˜[01m[Ksentry_srvs::srv[m[Kâ€™
   13 | class SetTargetService : public nav2_behavior_tree::BtServiceNode<sentry_srvs::srv::[01;31m[KNavTarget[m[K>{
      |                                                                                     [01;31m[K^~~~~~~~~[m[K
[01m[K/home/niuoruo/workspace/sentry/ws/sentry_desicion/src/sentry_behavior_tree/include/sentry_behavior_tree/plugins/service/set_target_service.hpp:13:85:[m[K [01;31m[Kerror: [m[Kâ€˜[01m[KNavTarget[m[Kâ€™ is not a member of â€˜[01m[Ksentry_srvs::srv[m[Kâ€™
[01m[K/home/niuoruo/workspace/sentry/ws/sentry_desicion/src/sentry_behavior_tree/include/sentry_behavior_tree/plugins/service/set_target_service.hpp:13:94:[m[K [01;31m[Kerror: [m[Ktemplate argument 1 is invalid
   13 | class SetTargetService : public nav2_behavior_tree::BtServiceNode<sentry_srvs::srv::NavTarget[01;31m[K>[m[K{
      |                                                                                              [01;31m[K^[m[K
[01m[K/home/niuoruo/workspace/sentry/ws/sentry_desicion/src/sentry_behavior_tree/include/sentry_behavior_tree/plugins/service/set_target_service.hpp:22:46:[m[K [01;31m[Kerror: [m[Kâ€˜[01m[KNavTarget[m[Kâ€™ is not a member of â€˜[01m[Ksentry_srvs::srv[m[Kâ€™
   22 |         std::shared_future<sentry_srvs::srv::[01;31m[KNavTarget[m[K::Response::SharedPtr> future_result) override;
      |                                              [01;31m[K^~~~~~~~~[m[K
[01m[K/home/niuoruo/workspace/sentry/ws/sentry_desicion/src/sentry_behavior_tree/include/sentry_behavior_tree/plugins/service/set_target_service.hpp:22:46:[m[K [01;31m[Kerror: [m[Kâ€˜[01m[KNavTarget[m[Kâ€™ is not a member of â€˜[01m[Ksentry_srvs::srv[m[Kâ€™
[01m[K/home/niuoruo/workspace/sentry/ws/sentry_desicion/src/sentry_behavior_tree/include/sentry_behavior_tree/plugins/service/set_target_service.hpp:22:76:[m[K [01;31m[Kerror: [m[Ktemplate argument 1 is invalid
   22 |         std::shared_future<sentry_srvs::srv::NavTarget::Response::SharedPtr[01;31m[K>[m[K future_result) override;
      |                                                                            [01;31m[K^[m[K
[01m[K/home/niuoruo/workspace/sentry/ws/sentry_desicion/src/sentry_behavior_tree/include/sentry_behavior_tree/plugins/service/set_target_service.hpp:22:46:[m[K [01;31m[Kerror: [m[Kâ€˜[01m[KNavTarget[m[Kâ€™ is not a member of â€˜[01m[Ksentry_srvs::srv[m[Kâ€™
   22 |         std::shared_future<sentry_srvs::srv::[01;31m[KNavTarget[m[K::Response::SharedPtr> future_result) override;
      |                                              [01;31m[K^~~~~~~~~[m[K
[01m[K/home/niuoruo/workspace/sentry/ws/sentry_desicion/src/sentry_behavior_tree/include/sentry_behavior_tree/plugins/service/set_target_service.hpp:22:46:[m[K [01;31m[Kerror: [m[Kâ€˜[01m[KNavTarget[m[Kâ€™ is not a member of â€˜[01m[Ksentry_srvs::srv[m[Kâ€™
[01m[K/home/niuoruo/workspace/sentry/ws/sentry_desicion/src/sentry_behavior_tree/include/sentry_behavior_tree/plugins/service/set_target_service.hpp:22:76:[m[K [01;31m[Kerror: [m[Ktemplate argument 1 is invalid
   22 |         std::shared_future<sentry_srvs::srv::NavTarget::Response::SharedPtr[01;31m[K>[m[K future_result) override;
      |                                                                            [01;31m[K^[m[K
[01m[K/home/niuoruo/workspace/sentry/ws/sentry_desicion/src/sentry_behavior_tree/include/sentry_behavior_tree/plugins/service/set_target_service.hpp:22:46:[m[K [01;31m[Kerror: [m[Kâ€˜[01m[KNavTarget[m[Kâ€™ is not a member of â€˜[01m[Ksentry_srvs::srv[m[Kâ€™
   22 |         std::shared_future<sentry_srvs::srv::[01;31m[KNavTarget[m[K::Response::SharedPtr> future_result) override;
      |                                              [01;31m[K^~~~~~~~~[m[K
[01m[K/home/niuoruo/workspace/sentry/ws/sentry_desicion/src/sentry_behavior_tree/include/sentry_behavior_tree/plugins/service/set_target_service.hpp:22:46:[m[K [01;31m[Kerror: [m[Kâ€˜[01m[KNavTarget[m[Kâ€™ is not a member of â€˜[01m[Ksentry_srvs::srv[m[Kâ€™
[01m[K/home/niuoruo/workspace/sentry/ws/sentry_desicion/src/sentry_behavior_tree/include/sentry_behavior_tree/plugins/service/set_target_service.hpp:22:76:[m[K [01;31m[Kerror: [m[Ktemplate argument 1 is invalid
   22 |         std::shared_future<sentry_srvs::srv::NavTarget::Response::SharedPtr[01;31m[K>[m[K future_result) override;
      |                                                                            [01;31m[K^[m[K
[01m[K/home/niuoruo/workspace/sentry/ws/sentry_desicion/src/sentry_behavior_tree/include/sentry_behavior_tree/plugins/service/set_target_service.hpp:22:14:[m[K [01;31m[Kerror: [m[Kâ€˜[01m[Kstd::shared_future[m[Kâ€™ is not a type
   22 |         std::[01;31m[Kshared_future[m[K<sentry_srvs::srv::NavTarget::Response::SharedPtr> future_result) override;
      |              [01;31m[K^~~~~~~~~~~~~[m[K
[01m[K/home/niuoruo/workspace/sentry/ws/sentry_desicion/src/sentry_behavior_tree/include/sentry_behavior_tree/plugins/service/set_target_service.hpp:22:27:[m[K [01;31m[Kerror: [m[Kexpected â€˜[01m[K,[m[Kâ€™ or â€˜[01m[K...[m[Kâ€™ before â€˜[01m[K<[m[Kâ€™ token
   22 |         std::shared_future[01;31m[K<[m[Ksentry_srvs::srv::NavTarget::Response::SharedPtr> future_result) override;
      |                           [01;31m[K^[m[K
[01m[K/home/niuoruo/workspace/sentry/ws/sentry_desicion/src/sentry_behavior_tree/include/sentry_behavior_tree/plugins/service/set_target_service.hpp:19:14:[m[K [01;31m[Kerror: [m[Kâ€˜[01m[Kvoid sentry_behavior_tree::SetTargetService::on_tick()[m[Kâ€™ marked â€˜[01m[Koverride[m[Kâ€™, but does not override
   19 |         void [01;31m[Kon_tick[m[K() override;
      |              [01;31m[K^~~~~~~[m[K
[01m[K/home/niuoruo/workspace/sentry/ws/sentry_desicion/src/sentry_behavior_tree/include/sentry_behavior_tree/plugins/service/set_target_service.hpp:21:24:[m[K [01;31m[Kerror: [m[Kâ€˜[01m[KBT::NodeStatus sentry_behavior_tree::SetTargetService::check_future(int)[m[Kâ€™ marked â€˜[01m[Koverride[m[Kâ€™, but does not override
   21 |         BT::NodeStatus [01;31m[Kcheck_future[m[K(
      |                        [01;31m[K^~~~~~~~~~~~[m[K
[01m[K/home/niuoruo/workspace/sentry/ws/sentry_desicion/src/sentry_behavior_tree/plugins/service/set_target_service.cpp:[m[K In constructor â€˜[01m[Ksentry_behavior_tree::SetTargetService::SetTargetService(const string&, const BT::NodeConfiguration&)[m[Kâ€™:
[01m[K/home/niuoruo/workspace/sentry/ws/sentry_desicion/src/sentry_behavior_tree/plugins/service/set_target_service.cpp:8:63:[m[K [01;31m[Kerror: [m[Kâ€˜[01m[KNavTarget[m[Kâ€™ is not a member of â€˜[01m[Ksentry_srvs::srv[m[Kâ€™
    8 |         : nav2_behavior_tree::BtServiceNode<sentry_srvs::srv::[01;31m[KNavTarget[m[K>(service_node_name, conf){}
      |                                                               [01;31m[K^~~~~~~~~[m[K
[01m[K/home/niuoruo/workspace/sentry/ws/sentry_desicion/src/sentry_behavior_tree/plugins/service/set_target_service.cpp:8:63:[m[K [01;31m[Kerror: [m[Kâ€˜[01m[KNavTarget[m[Kâ€™ is not a member of â€˜[01m[Ksentry_srvs::srv[m[Kâ€™
[01m[K/home/niuoruo/workspace/sentry/ws/sentry_desicion/src/sentry_behavior_tree/plugins/service/set_target_service.cpp:8:72:[m[K [01;31m[Kerror: [m[Ktemplate argument 1 is invalid
    8 |         : nav2_behavior_tree::BtServiceNode<sentry_srvs::srv::NavTarget[01;31m[K>[m[K(service_node_name, conf){}
      |                                                                        [01;31m[K^[m[K
[01m[K/home/niuoruo/workspace/sentry/ws/sentry_desicion/src/sentry_behavior_tree/plugins/service/set_target_service.cpp:8:73:[m[K [01;31m[Kerror: [m[Kexpected â€˜[01m[K{[m[Kâ€™ before â€˜[01m[K([m[Kâ€™ token
    8 |         : nav2_behavior_tree::BtServiceNode<sentry_srvs::srv::NavTarget>[01;31m[K([m[Kservice_node_name, conf){}
      |                                                                         [01;31m[K^[m[K
[01m[K/home/niuoruo/workspace/sentry/ws/sentry_desicion/src/sentry_behavior_tree/plugins/service/set_target_service.cpp:6:60:[m[K [01;35m[Kwarning: [m[Kunused parameter â€˜[01m[Kservice_node_name[m[Kâ€™ [[01;35m[K-Wunused-parameter[m[K]
    6 |     SetTargetService::SetTargetService([01;35m[Kconst std::string & service_node_name[m[K,
      |                                        [01;35m[K~~~~~~~~~~~~~~~~~~~~^~~~~~~~~~~~~~~~~[m[K
[01m[K/home/niuoruo/workspace/sentry/ws/sentry_desicion/src/sentry_behavior_tree/plugins/service/set_target_service.cpp:7:39:[m[K [01;35m[Kwarning: [m[Kunused parameter â€˜[01m[Kconf[m[Kâ€™ [[01;35m[K-Wunused-parameter[m[K]
    7 |         [01;35m[Kconst BT::NodeConfiguration & conf[m[K)
      |         [01;35m[K~~~~~~~~~~~~~~~~~~~~~~~~~~~~~~^~~~[m[K
[01m[K/home/niuoruo/workspace/sentry/ws/sentry_desicion/src/sentry_behavior_tree/plugins/service/set_target_service.cpp:[m[K At global scope:
[01m[K/home/niuoruo/workspace/sentry/ws/sentry_desicion/src/sentry_behavior_tree/plugins/service/set_target_service.cpp:8:91:[m[K [01;31m[Kerror: [m[Kexpected â€˜[01m[K)[m[Kâ€™ before â€˜[01m[K,[m[Kâ€™ token
    8 |         : nav2_behavior_tree::BtServiceNode<sentry_srvs::srv::NavTarget>[34m[K([m[Kservice_node_name[01;31m[K,[m[K conf){}
      |                                                                         [34m[K~[m[K                 [01;31m[K^[m[K
      |                                                                                           [32m[K)[m[K
[01m[K/home/niuoruo/workspace/sentry/ws/sentry_desicion/src/sentry_behavior_tree/plugins/service/set_target_service.cpp:8:97:[m[K [01;31m[Kerror: [m[Kexpected constructor, destructor, or type conversion before â€˜[01m[K)[m[Kâ€™ token
    8 |         : nav2_behavior_tree::BtServiceNode<sentry_srvs::srv::NavTarget>(service_node_name, conf[01;31m[K)[m[K{}
      |                                                                                                 [01;31m[K^[m[K
[01m[K/home/niuoruo/workspace/sentry/ws/sentry_desicion/src/sentry_behavior_tree/plugins/service/set_target_service.cpp:[m[K In member function â€˜[01m[Kvoid sentry_behavior_tree::SetTargetService::on_tick()[m[Kâ€™:
[01m[K/home/niuoruo/workspace/sentry/ws/sentry_desicion/src/sentry_behavior_tree/plugins/service/set_target_service.cpp:12:9:[m[K [01;31m[Kerror: [m[Kâ€˜[01m[Krequest_[m[Kâ€™ was not declared in this scope
   12 |         [01;31m[Krequest_[m[K->pose.pose.position.x = 0;
      |         [01;31m[K^~~~~~~~[m[K
In file included from [01m[K/opt/ros/foxy/include/rclcpp/service.hpp:34[m[K,
                 from [01m[K/opt/ros/foxy/include/rclcpp/callback_group.hpp:25[m[K,
                 from [01m[K/opt/ros/foxy/include/rclcpp/any_executable.hpp:20[m[K,
                 from [01m[K/opt/ros/foxy/include/rclcpp/memory_strategy.hpp:24[m[K,
                 from [01m[K/opt/ros/foxy/include/rclcpp/memory_strategies.hpp:18[m[K,
                 from [01m[K/opt/ros/foxy/include/rclcpp/executor_options.hpp:20[m[K,
                 from [01m[K/opt/ros/foxy/include/rclcpp/executor.hpp:33[m[K,
                 from [01m[K/opt/ros/foxy/include/rclcpp/executors/multi_threaded_executor.hpp:26[m[K,
                 from [01m[K/opt/ros/foxy/include/rclcpp/executors.hpp:21[m[K,
                 from [01m[K/opt/ros/foxy/include/rclcpp/rclcpp.hpp:146[m[K,
                 from [01m[K/opt/ros/foxy/include/nav2_util/node_utils.hpp:19[m[K,
                 from [01m[K/opt/ros/foxy/include/nav2_behavior_tree/bt_service_node.hpp:22[m[K,
                 from [01m[K/home/niuoruo/workspace/sentry/ws/sentry_desicion/src/sentry_behavior_tree/include/sentry_behavior_tree/plugins/service/set_target_service.hpp:4[m[K,
                 from [01m[K/home/niuoruo/workspace/sentry/ws/sentry_desicion/src/sentry_behavior_tree/plugins/service/set_target_service.cpp:2[m[K:
[01m[K/home/niuoruo/workspace/sentry/ws/sentry_desicion/src/sentry_behavior_tree/plugins/service/set_target_service.cpp:15:21:[m[K [01;31m[Kerror: [m[Kâ€˜[01m[Knode_[m[Kâ€™ was not declared in this scope; did you mean â€˜[01m[Kmode_t[m[Kâ€™?
   15 |         RCLCPP_INFO([01;31m[Knode_[m[K->get_logger(),"set_target_service on_tick()... ");
      |                     [01;31m[K^~~~~[m[K
[01m[K/home/niuoruo/workspace/sentry/ws/sentry_desicion/src/sentry_behavior_tree/plugins/service/set_target_service.cpp:15:9:[m[K [01;31m[Kerror: [m[Ktemplate argument 1 is invalid
   15 |         [01;31m[KRCLCPP_INFO[m[K(node_->get_logger(),"set_target_service on_tick()... ");
      |         [01;31m[K^~~~~~~~~~~[m[K
[01m[K/home/niuoruo/workspace/sentry/ws/sentry_desicion/src/sentry_behavior_tree/plugins/service/set_target_service.cpp:15:9:[m[K [01;31m[Kerror: [m[Ktemplate argument 1 is invalid
   15 |         [01;31m[KRCLCPP_INFO[m[K(node_->get_logger(),"set_target_service on_tick()... ");
      |         [01;31m[K^~~~~~~~~~~[m[K
[01m[K/home/niuoruo/workspace/sentry/ws/sentry_desicion/src/sentry_behavior_tree/plugins/service/set_target_service.cpp:15:9:[m[K [01;31m[Kerror: [m[Ktemplate argument 1 is invalid
   15 |         [01;31m[KRCLCPP_INFO[m[K(node_->get_logger(),"set_target_service on_tick()... ");
      |         [01;31m[K^~~~~~~~~~~[m[K
[01m[K/home/niuoruo/workspace/sentry/ws/sentry_desicion/src/sentry_behavior_tree/plugins/service/set_target_service.cpp:[m[K At global scope:
[01m[K/home/niuoruo/workspace/sentry/ws/sentry_desicion/src/sentry_behavior_tree/plugins/service/set_target_service.cpp:19:42:[m[K [01;31m[Kerror: [m[Kâ€˜[01m[KNavTarget[m[Kâ€™ is not a member of â€˜[01m[Ksentry_srvs::srv[m[Kâ€™
   19 |     std::shared_future<sentry_srvs::srv::[01;31m[KNavTarget[m[K::Response::SharedPtr> future_result)
      |                                          [01;31m[K^~~~~~~~~[m[K
[01m[K/home/niuoruo/workspace/sentry/ws/sentry_desicion/src/sentry_behavior_tree/plugins/service/set_target_service.cpp:19:42:[m[K [01;31m[Kerror: [m[Kâ€˜[01m[KNavTarget[m[Kâ€™ is not a member of â€˜[01m[Ksentry_srvs::srv[m[Kâ€™
[01m[K/home/niuoruo/workspace/sentry/ws/sentry_desicion/src/sentry_behavior_tree/plugins/service/set_target_service.cpp:19:72:[m[K [01;31m[Kerror: [m[Ktemplate argument 1 is invalid
   19 |     std::shared_future<sentry_srvs::srv::NavTarget::Response::SharedPtr[01;31m[K>[m[K future_result)
      |                                                                        [01;31m[K^[m[K
[01m[K/home/niuoruo/workspace/sentry/ws/sentry_desicion/src/sentry_behavior_tree/plugins/service/set_target_service.cpp:19:42:[m[K [01;31m[Kerror: [m[Kâ€˜[01m[KNavTarget[m[Kâ€™ is not a member of â€˜[01m[Ksentry_srvs::srv[m[Kâ€™
   19 |     std::shared_future<sentry_srvs::srv::[01;31m[KNavTarget[m[K::Response::SharedPtr> future_result)
      |                                          [01;31m[K^~~~~~~~~[m[K
[01m[K/home/niuoruo/workspace/sentry/ws/sentry_desicion/src/sentry_behavior_tree/plugins/service/set_target_service.cpp:19:42:[m[K [01;31m[Kerror: [m[Kâ€˜[01m[KNavTarget[m[Kâ€™ is not a member of â€˜[01m[Ksentry_srvs::srv[m[Kâ€™
[01m[K/home/niuoruo/workspace/sentry/ws/sentry_desicion/src/sentry_behavior_tree/plugins/service/set_target_service.cpp:19:72:[m[K [01;31m[Kerror: [m[Ktemplate argument 1 is invalid
   19 |     std::shared_future<sentry_srvs::srv::NavTarget::Response::SharedPtr[01;31m[K>[m[K future_result)
      |                                                                        [01;31m[K^[m[K
[01m[K/home/niuoruo/workspace/sentry/ws/sentry_desicion/src/sentry_behavior_tree/plugins/service/set_target_service.cpp:19:42:[m[K [01;31m[Kerror: [m[Kâ€˜[01m[KNavTarget[m[Kâ€™ is not a member of â€˜[01m[Ksentry_srvs::srv[m[Kâ€™
   19 |     std::shared_future<sentry_srvs::srv::[01;31m[KNavTarget[m[K::Response::SharedPtr> future_result)
      |                                          [01;31m[K^~~~~~~~~[m[K
[01m[K/home/niuoruo/workspace/sentry/ws/sentry_desicion/src/sentry_behavior_tree/plugins/service/set_target_service.cpp:19:42:[m[K [01;31m[Kerror: [m[Kâ€˜[01m[KNavTarget[m[Kâ€™ is not a member of â€˜[01m[Ksentry_srvs::srv[m[Kâ€™
[01m[K/home/niuoruo/workspace/sentry/ws/sentry_desicion/src/sentry_behavior_tree/plugins/service/set_target_service.cpp:19:72:[m[K [01;31m[Kerror: [m[Ktemplate argument 1 is invalid
   19 |     std::shared_future<sentry_srvs::srv::NavTarget::Response::SharedPtr[01;31m[K>[m[K future_result)
      |                                                                        [01;31m[K^[m[K
[01m[K/home/niuoruo/workspace/sentry/ws/sentry_desicion/src/sentry_behavior_tree/plugins/service/set_target_service.cpp:18:20:[m[K [01;31m[Kerror: [m[Kâ€˜[01m[KBT::NodeStatus sentry_behavior_tree::SetTargetService::check_future[m[Kâ€™ is not a static data member of â€˜[01m[Kclass sentry_behavior_tree::SetTargetService[m[Kâ€™
   18 |     BT::NodeStatus [01;31m[KSetTargetService[m[K::check_future(
      |                    [01;31m[K^~~~~~~~~~~~~~~~[m[K
[01m[K/home/niuoruo/workspace/sentry/ws/sentry_desicion/src/sentry_behavior_tree/plugins/service/set_target_service.cpp:19:42:[m[K [01;31m[Kerror: [m[Kâ€˜[01m[KNavTarget[m[Kâ€™ is not a member of â€˜[01m[Ksentry_srvs::srv[m[Kâ€™
   19 |     std::shared_future<sentry_srvs::srv::[01;31m[KNavTarget[m[K::Response::SharedPtr> future_result)
      |                                          [01;31m[K^~~~~~~~~[m[K
[01m[K/home/niuoruo/workspace/sentry/ws/sentry_desicion/src/sentry_behavior_tree/plugins/service/set_target_service.cpp:19:42:[m[K [01;31m[Kerror: [m[Kâ€˜[01m[KNavTarget[m[Kâ€™ is not a member of â€˜[01m[Ksentry_srvs::srv[m[Kâ€™
[01m[K/home/niuoruo/workspace/sentry/ws/sentry_desicion/src/sentry_behavior_tree/plugins/service/set_target_service.cpp:19:72:[m[K [01;31m[Kerror: [m[Ktemplate argument 1 is invalid
   19 |     std::shared_future<sentry_srvs::srv::NavTarget::Response::SharedPtr[01;31m[K>[m[K future_result)
      |                                                                        [01;31m[K^[m[K
In file included from [01m[K/home/niuoruo/workspace/sentry/ws/sentry_desicion/src/sentry_behavior_tree/plugins/service/set_target_service.cpp:40[m[K:
/opt/ros/foxy/include/behaviortree_cpp_v3/bt_factory.h: In instantiation of â€˜[01m[Kvoid BT::BehaviorTreeFactory::registerNodeType(const string&) [with T = sentry_behavior_tree::SetTargetService; std::string = std::__cxx11::basic_string<char>][m[Kâ€™:
[01m[K/home/niuoruo/workspace/sentry/ws/sentry_desicion/src/sentry_behavior_tree/plugins/service/set_target_service.cpp:44:16:[m[K   required from here
[01m[K/opt/ros/foxy/include/behaviortree_cpp_v3/bt_factory.h:368:64:[m[K [01;31m[Kerror: [m[Kstatic assertion failed: [registerNode]: accepts only classed derived from either ActionNodeBase, DecoratorNode, ControlNode or ConditionNode
  366 |     static_assert(std::is_base_of<ActionNodeBase, T>::[01;31m[Kvalue ||[m[K
      |                                                       [01;31m[K~~~~~~~~[m[K  
  367 | [01;31m[K                      std::is_base_of<ControlNode, T>::value ||[m[K
      |                       [01;31m[K~~~~~~~~~~~~~~~~~~~~~~~~~~~~~~~~~~~~~~~~~[m[K 
  368 | [01;31m[K                      std::is_base_of<DecoratorNode, T>::value ||[m[K
      |                       [01;31m[K~~~~~~~~~~~~~~~~~~~~~~~~~~~~~~~~~~~~~~~~~^~[m[K
  369 | [01;31m[K                      std::is_base_of<ConditionNode, T>::value[m[K,
      |                       [01;31m[K~~~~~~~~~~~~~~~~~~~~~~~~~~~~~~~~~~~~~~~~[m[K  
[01m[K/opt/ros/foxy/include/behaviortree_cpp_v3/bt_factory.h:399:19:[m[K [01;31m[Kerror: [m[Kstatic assertion failed: [registerNode]: you MUST implement the static method:   PortsList providedPorts();

  399 |     static_assert([01;31m[K!(param_constructable && !has_static_ports_list)[m[K, "[registerNode]: you "
      |                   [01;31m[K^~~~~~~~~~~~~~~~~~~~~~~~~~~~~~~~~~~~~~~~~~~~~~~~[m[K
make[2]: *** [CMakeFiles/set_target_bt_node.dir/build.make:63: CMakeFiles/set_target_bt_node.dir/plugins/service/set_target_service.cpp.o] Error 1
make[1]: *** [CMakeFiles/Makefile2:202: CMakeFiles/set_target_bt_node.dir/all] Error 2
make[1]: *** Waiting for unfinished jobs....
[ 83%] [32m[1mLinking CXX shared library libgo_back_bt_node.so[0m
[ 83%] Built target go_back_bt_node
[ 88%] [32m[1mLinking CXX shared library librmul_go_supply_bt_node.so[0m
[ 94%] [32m[1mLinking CXX shared library librmul_patrol_bt_node.so[0m
[ 94%] Built target rmul_go_supply_bt_node
[ 94%] Built target rmul_patrol_bt_node
make: *** [Makefile:141: all] Error 2
