[0.128s] Invoking command in '/home/niuoruo/workspace/sentry/ws/sentry_desicion/build/sentry_behavior_tree': AMENT_PREFIX_PATH=/home/niuoruo/workspace/sentry/ws/sentry_desicion/install/sentry_srvs:/home/niuoruo/workspace/sentry/ws/sentry_desicion/install/sentry_interfaces:${AMENT_PREFIX_PATH} CMAKE_PREFIX_PATH=/home/niuoruo/workspace/sentry/ws/sentry_desicion/install/sentry_srvs:/home/niuoruo/workspace/sentry/ws/sentry_desicion/install/sentry_interfaces:/opt/ros/foxy LD_LIBRARY_PATH=/home/niuoruo/workspace/sentry/ws/sentry_desicion/install/sentry_srvs/lib:/home/niuoruo/workspace/sentry/ws/sentry_desicion/install/sentry_interfaces/lib:/opt/ros/foxy/opt/yaml_cpp_vendor/lib:/opt/ros/foxy/opt/rviz_ogre_vendor/lib:/opt/ros/foxy/lib/x86_64-linux-gnu:/opt/ros/foxy/lib:/usr/local/cuda-11.4/lib64:/usr/local/cuda-11.4/extras/CUPTI/lib64:/home/niuoruo/bag/TensorRT/TensorRT-8.2.3.0.Linux.x86_64-gnu.cuda-11.4.cudnn8.2/TensorRT-8.2.3.0/lib PYTHONPATH=/home/niuoruo/workspace/sentry/ws/sentry_desicion/install/sentry_srvs/lib/python3.8/site-packages:/home/niuoruo/workspace/sentry/ws/sentry_desicion/install/sentry_interfaces/lib/python3.8/site-packages:${PYTHONPATH} /usr/bin/cmake /home/niuoruo/workspace/sentry/ws/sentry_desicion/src/sentry_behavior_tree -DCMAKE_INSTALL_PREFIX=/home/niuoruo/workspace/sentry/ws/sentry_desicion/install/sentry_behavior_tree
[0.168s] -- The C compiler identification is GNU 9.4.0
[0.208s] -- The CXX compiler identification is GNU 9.4.0
[0.212s] -- Check for working C compiler: /usr/bin/cc
[0.266s] -- Check for working C compiler: /usr/bin/cc -- works
[0.266s] -- Detecting C compiler ABI info
[0.321s] -- Detecting C compiler ABI info - done
[0.331s] -- Detecting C compile features
[0.331s] -- Detecting C compile features - done
[0.333s] -- Check for working CXX compiler: /usr/bin/c++
[0.395s] -- Check for working CXX compiler: /usr/bin/c++ -- works
[0.396s] -- Detecting CXX compiler ABI info
[0.460s] -- Detecting CXX compiler ABI info - done
[0.471s] -- Detecting CXX compile features
[0.471s] -- Detecting CXX compile features - done
[0.472s] -- Found ament_cmake: 0.9.12 (/opt/ros/foxy/share/ament_cmake/cmake)
[0.491s] -- Found PythonInterp: /usr/bin/python3 (found suitable version "3.8.10", minimum required is "3") 
[0.491s] -- Using PYTHON_EXECUTABLE: /usr/bin/python3
[0.665s] -- Found rclcpp: 2.4.3 (/opt/ros/foxy/share/rclcpp/cmake)
[0.694s] -- Using all available rosidl_typesupport_c: rosidl_typesupport_fastrtps_c;rosidl_typesupport_introspection_c
[0.700s] -- Found rosidl_adapter: 1.3.1 (/opt/ros/foxy/share/rosidl_adapter/cmake)
[0.771s] -- Found OpenSSL: /usr/lib/x86_64-linux-gnu/libcrypto.so (found version "1.1.1f")  
[0.800s] -- Found FastRTPS: /opt/ros/foxy/include  
[0.863s] -- Using all available rosidl_typesupport_cpp: rosidl_typesupport_fastrtps_cpp;rosidl_typesupport_introspection_cpp
[0.905s] -- Found rmw_implementation_cmake: 1.0.4 (/opt/ros/foxy/share/rmw_implementation_cmake/cmake)
[0.907s] -- Using RMW implementation 'rmw_fastrtps_cpp' as default
[0.907s] -- Looking for pthread.h
[0.967s] -- Looking for pthread.h - found
[0.967s] -- Performing Test CMAKE_HAVE_LIBC_PTHREAD
[1.030s] -- Performing Test CMAKE_HAVE_LIBC_PTHREAD - Failed
[1.030s] -- Looking for pthread_create in pthreads
[1.079s] -- Looking for pthread_create in pthreads - not found
[1.079s] -- Looking for pthread_create in pthread
[1.136s] -- Looking for pthread_create in pthread - found
[1.137s] -- Found Threads: TRUE  
[1.259s] -- Found nav2_util: 0.4.7 (/opt/ros/foxy/share/nav2_util/cmake)
[1.824s] -- Found eigen3_cmake_module: 0.1.1 (/opt/ros/foxy/share/eigen3_cmake_module/cmake)
[1.827s] -- Found Eigen3: TRUE (found version "3.3.7") 
[1.949s] -- Found sentry_interfaces: 0.0.0 (/home/niuoruo/workspace/sentry/ws/sentry_desicion/install/sentry_interfaces/share/sentry_interfaces/cmake)
[2.003s] -- Found sentry_srvs: 0.0.0 (/home/niuoruo/workspace/sentry/ws/sentry_desicion/install/sentry_srvs/share/sentry_srvs/cmake)
[2.850s] -- Found ament_lint_auto: 0.9.8 (/opt/ros/foxy/share/ament_lint_auto/cmake)
[2.908s] -- Added test 'copyright' to check source files copyright and LICENSE
[2.909s] -- Added test 'cppcheck' to perform static code analysis on C / C++ code
[2.910s] -- Configured cppcheck include dirs: /home/niuoruo/workspace/sentry/ws/sentry_desicion/src/sentry_behavior_tree/include
[2.910s] -- Configured cppcheck exclude dirs and/or files: 
[2.912s] -- Added test 'cpplint' to check C / C++ code against the Google style
[2.912s] -- Configured cpplint exclude dirs and/or files: 
[2.913s] -- Added test 'lint_cmake' to check CMake code style
[2.915s] -- Added test 'uncrustify' to check C / C++ code style
[2.915s] -- Configured uncrustify additional arguments: 
[2.915s] -- Added test 'xmllint' to check XML markup files
[2.919s] -- Configuring done
[3.089s] -- Generating done
[3.091s] -- Build files have been written to: /home/niuoruo/workspace/sentry/ws/sentry_desicion/build/sentry_behavior_tree
[3.100s] Invoked command in '/home/niuoruo/workspace/sentry/ws/sentry_desicion/build/sentry_behavior_tree' returned '0': AMENT_PREFIX_PATH=/home/niuoruo/workspace/sentry/ws/sentry_desicion/install/sentry_srvs:/home/niuoruo/workspace/sentry/ws/sentry_desicion/install/sentry_interfaces:${AMENT_PREFIX_PATH} CMAKE_PREFIX_PATH=/home/niuoruo/workspace/sentry/ws/sentry_desicion/install/sentry_srvs:/home/niuoruo/workspace/sentry/ws/sentry_desicion/install/sentry_interfaces:/opt/ros/foxy LD_LIBRARY_PATH=/home/niuoruo/workspace/sentry/ws/sentry_desicion/install/sentry_srvs/lib:/home/niuoruo/workspace/sentry/ws/sentry_desicion/install/sentry_interfaces/lib:/opt/ros/foxy/opt/yaml_cpp_vendor/lib:/opt/ros/foxy/opt/rviz_ogre_vendor/lib:/opt/ros/foxy/lib/x86_64-linux-gnu:/opt/ros/foxy/lib:/usr/local/cuda-11.4/lib64:/usr/local/cuda-11.4/extras/CUPTI/lib64:/home/niuoruo/bag/TensorRT/TensorRT-8.2.3.0.Linux.x86_64-gnu.cuda-11.4.cudnn8.2/TensorRT-8.2.3.0/lib PYTHONPATH=/home/niuoruo/workspace/sentry/ws/sentry_desicion/install/sentry_srvs/lib/python3.8/site-packages:/home/niuoruo/workspace/sentry/ws/sentry_desicion/install/sentry_interfaces/lib/python3.8/site-packages:${PYTHONPATH} /usr/bin/cmake /home/niuoruo/workspace/sentry/ws/sentry_desicion/src/sentry_behavior_tree -DCMAKE_INSTALL_PREFIX=/home/niuoruo/workspace/sentry/ws/sentry_desicion/install/sentry_behavior_tree
[3.103s] Invoking command in '/home/niuoruo/workspace/sentry/ws/sentry_desicion/build/sentry_behavior_tree': AMENT_PREFIX_PATH=/home/niuoruo/workspace/sentry/ws/sentry_desicion/install/sentry_srvs:/home/niuoruo/workspace/sentry/ws/sentry_desicion/install/sentry_interfaces:${AMENT_PREFIX_PATH} CMAKE_PREFIX_PATH=/home/niuoruo/workspace/sentry/ws/sentry_desicion/install/sentry_srvs:/home/niuoruo/workspace/sentry/ws/sentry_desicion/install/sentry_interfaces:/opt/ros/foxy LD_LIBRARY_PATH=/home/niuoruo/workspace/sentry/ws/sentry_desicion/install/sentry_srvs/lib:/home/niuoruo/workspace/sentry/ws/sentry_desicion/install/sentry_interfaces/lib:/opt/ros/foxy/opt/yaml_cpp_vendor/lib:/opt/ros/foxy/opt/rviz_ogre_vendor/lib:/opt/ros/foxy/lib/x86_64-linux-gnu:/opt/ros/foxy/lib:/usr/local/cuda-11.4/lib64:/usr/local/cuda-11.4/extras/CUPTI/lib64:/home/niuoruo/bag/TensorRT/TensorRT-8.2.3.0.Linux.x86_64-gnu.cuda-11.4.cudnn8.2/TensorRT-8.2.3.0/lib PYTHONPATH=/home/niuoruo/workspace/sentry/ws/sentry_desicion/install/sentry_srvs/lib/python3.8/site-packages:/home/niuoruo/workspace/sentry/ws/sentry_desicion/install/sentry_interfaces/lib/python3.8/site-packages:${PYTHONPATH} /usr/bin/cmake --build /home/niuoruo/workspace/sentry/ws/sentry_desicion/build/sentry_behavior_tree -- -j16 -l16
[3.141s] [35m[1mScanning dependencies of target rmul_patrol_bt_node[0m
[3.141s] [35m[1mScanning dependencies of target set_target_bt_node[0m
[3.142s] [35m[1mScanning dependencies of target air_force_condition_bt_node[0m
[3.142s] [35m[1mScanning dependencies of target outpost_survives_condition_bt_node[0m
[3.142s] [35m[1mScanning dependencies of target low_hp_condition_bt_node[0m
[3.142s] [35m[1mScanning dependencies of target go_back_bt_node[0m
[3.142s] [35m[1mScanning dependencies of target game_start_condition_bt_node[0m
[3.142s] [35m[1mScanning dependencies of target rmul_go_supply_bt_node[0m
[3.143s] [35m[1mScanning dependencies of target base_unfolds_condition_bt_node[0m
[3.156s] [  5%] [32mBuilding CXX object CMakeFiles/air_force_condition_bt_node.dir/plugins/condition/air_force_condition.cpp.o[0m
[3.156s] [ 11%] [32mBuilding CXX object CMakeFiles/outpost_survives_condition_bt_node.dir/plugins/condition/outpost_survives_condition.cpp.o[0m
[3.157s] [ 16%] [32mBuilding CXX object CMakeFiles/low_hp_condition_bt_node.dir/plugins/condition/low_hp_condition.cpp.o[0m
[3.163s] [ 22%] [32mBuilding CXX object CMakeFiles/game_start_condition_bt_node.dir/plugins/condition/game_start_condition.cpp.o[0m
[3.164s] [ 27%] [32mBuilding CXX object CMakeFiles/base_unfolds_condition_bt_node.dir/plugins/condition/base_unfolds_condition.cpp.o[0m
[3.190s] [ 33%] [32mBuilding CXX object CMakeFiles/go_back_bt_node.dir/plugins/service/go_back_service.cpp.o[0m
[3.198s] [ 38%] [32mBuilding CXX object CMakeFiles/set_target_bt_node.dir/plugins/service/set_target_service.cpp.o[0m
[3.201s] [ 44%] [32mBuilding CXX object CMakeFiles/rmul_patrol_bt_node.dir/plugins/service/rmul_patrol_service.cpp.o[0m
[3.203s] [ 50%] [32mBuilding CXX object CMakeFiles/rmul_go_supply_bt_node.dir/plugins/service/rmul_go_supply_service.cpp.o[0m
[4.334s] [ 55%] [32m[1mLinking CXX shared library liblow_hp_condition_bt_node.so[0m
[4.340s] [ 61%] [32m[1mLinking CXX shared library libgame_start_condition_bt_node.so[0m
[4.484s] [ 61%] Built target low_hp_condition_bt_node
[4.486s] [ 61%] Built target game_start_condition_bt_node
[4.767s] [ 66%] [32m[1mLinking CXX shared library libbase_unfolds_condition_bt_node.so[0m
[4.768s] [ 72%] [32m[1mLinking CXX shared library liboutpost_survives_condition_bt_node.so[0m
[4.806s] [ 77%] [32m[1mLinking CXX shared library libair_force_condition_bt_node.so[0m
[4.916s] [ 77%] Built target outpost_survives_condition_bt_node
[4.925s] [ 77%] Built target base_unfolds_condition_bt_node
[4.963s] [ 77%] Built target air_force_condition_bt_node
[4.967s] In file included from [01m[K/home/niuoruo/workspace/sentry/ws/sentry_desicion/src/sentry_behavior_tree/plugins/service/set_target_service.cpp:2[m[K:
[4.967s] [01m[K/home/niuoruo/workspace/sentry/ws/sentry_desicion/src/sentry_behavior_tree/include/sentry_behavior_tree/plugins/service/set_target_service.hpp:13:85:[m[K [01;31m[Kerror: [m[Kâ€˜[01m[KNavTarget[m[Kâ€™ is not a member of â€˜[01m[Ksentry_srvs::srv[m[Kâ€™
[4.967s]    13 | class SetTargetService : public nav2_behavior_tree::BtServiceNode<sentry_srvs::srv::[01;31m[KNavTarget[m[K>{
[4.967s]       |                                                                                     [01;31m[K^~~~~~~~~[m[K
[4.968s] [01m[K/home/niuoruo/workspace/sentry/ws/sentry_desicion/src/sentry_behavior_tree/include/sentry_behavior_tree/plugins/service/set_target_service.hpp:13:85:[m[K [01;31m[Kerror: [m[Kâ€˜[01m[KNavTarget[m[Kâ€™ is not a member of â€˜[01m[Ksentry_srvs::srv[m[Kâ€™
[4.968s] [01m[K/home/niuoruo/workspace/sentry/ws/sentry_desicion/src/sentry_behavior_tree/include/sentry_behavior_tree/plugins/service/set_target_service.hpp:13:94:[m[K [01;31m[Kerror: [m[Ktemplate argument 1 is invalid
[4.968s]    13 | class SetTargetService : public nav2_behavior_tree::BtServiceNode<sentry_srvs::srv::NavTarget[01;31m[K>[m[K{
[4.968s]       |                                                                                              [01;31m[K^[m[K
[4.968s] [01m[K/home/niuoruo/workspace/sentry/ws/sentry_desicion/src/sentry_behavior_tree/include/sentry_behavior_tree/plugins/service/set_target_service.hpp:22:46:[m[K [01;31m[Kerror: [m[Kâ€˜[01m[KNavTarget[m[Kâ€™ is not a member of â€˜[01m[Ksentry_srvs::srv[m[Kâ€™
[4.968s]    22 |         std::shared_future<sentry_srvs::srv::[01;31m[KNavTarget[m[K::Response::SharedPtr> future_result) override;
[4.968s]       |                                              [01;31m[K^~~~~~~~~[m[K
[4.969s] [01m[K/home/niuoruo/workspace/sentry/ws/sentry_desicion/src/sentry_behavior_tree/include/sentry_behavior_tree/plugins/service/set_target_service.hpp:22:46:[m[K [01;31m[Kerror: [m[Kâ€˜[01m[KNavTarget[m[Kâ€™ is not a member of â€˜[01m[Ksentry_srvs::srv[m[Kâ€™
[4.969s] [01m[K/home/niuoruo/workspace/sentry/ws/sentry_desicion/src/sentry_behavior_tree/include/sentry_behavior_tree/plugins/service/set_target_service.hpp:22:76:[m[K [01;31m[Kerror: [m[Ktemplate argument 1 is invalid
[4.969s]    22 |         std::shared_future<sentry_srvs::srv::NavTarget::Response::SharedPtr[01;31m[K>[m[K future_result) override;
[4.969s]       |                                                                            [01;31m[K^[m[K
[4.969s] [01m[K/home/niuoruo/workspace/sentry/ws/sentry_desicion/src/sentry_behavior_tree/include/sentry_behavior_tree/plugins/service/set_target_service.hpp:22:46:[m[K [01;31m[Kerror: [m[Kâ€˜[01m[KNavTarget[m[Kâ€™ is not a member of â€˜[01m[Ksentry_srvs::srv[m[Kâ€™
[4.969s]    22 |         std::shared_future<sentry_srvs::srv::[01;31m[KNavTarget[m[K::Response::SharedPtr> future_result) override;
[4.969s]       |                                              [01;31m[K^~~~~~~~~[m[K
[4.969s] [01m[K/home/niuoruo/workspace/sentry/ws/sentry_desicion/src/sentry_behavior_tree/include/sentry_behavior_tree/plugins/service/set_target_service.hpp:22:46:[m[K [01;31m[Kerror: [m[Kâ€˜[01m[KNavTarget[m[Kâ€™ is not a member of â€˜[01m[Ksentry_srvs::srv[m[Kâ€™
[4.969s] [01m[K/home/niuoruo/workspace/sentry/ws/sentry_desicion/src/sentry_behavior_tree/include/sentry_behavior_tree/plugins/service/set_target_service.hpp:22:76:[m[K [01;31m[Kerror: [m[Ktemplate argument 1 is invalid
[4.969s]    22 |         std::shared_future<sentry_srvs::srv::NavTarget::Response::SharedPtr[01;31m[K>[m[K future_result) override;
[4.969s]       |                                                                            [01;31m[K^[m[K
[4.970s] [01m[K/home/niuoruo/workspace/sentry/ws/sentry_desicion/src/sentry_behavior_tree/include/sentry_behavior_tree/plugins/service/set_target_service.hpp:22:46:[m[K [01;31m[Kerror: [m[Kâ€˜[01m[KNavTarget[m[Kâ€™ is not a member of â€˜[01m[Ksentry_srvs::srv[m[Kâ€™
[4.970s]    22 |         std::shared_future<sentry_srvs::srv::[01;31m[KNavTarget[m[K::Response::SharedPtr> future_result) override;
[4.970s]       |                                              [01;31m[K^~~~~~~~~[m[K
[4.970s] [01m[K/home/niuoruo/workspace/sentry/ws/sentry_desicion/src/sentry_behavior_tree/include/sentry_behavior_tree/plugins/service/set_target_service.hpp:22:46:[m[K [01;31m[Kerror: [m[Kâ€˜[01m[KNavTarget[m[Kâ€™ is not a member of â€˜[01m[Ksentry_srvs::srv[m[Kâ€™
[4.970s] [01m[K/home/niuoruo/workspace/sentry/ws/sentry_desicion/src/sentry_behavior_tree/include/sentry_behavior_tree/plugins/service/set_target_service.hpp:22:76:[m[K [01;31m[Kerror: [m[Ktemplate argument 1 is invalid
[4.970s]    22 |         std::shared_future<sentry_srvs::srv::NavTarget::Response::SharedPtr[01;31m[K>[m[K future_result) override;
[4.970s]       |                                                                            [01;31m[K^[m[K
[4.970s] [01m[K/home/niuoruo/workspace/sentry/ws/sentry_desicion/src/sentry_behavior_tree/include/sentry_behavior_tree/plugins/service/set_target_service.hpp:22:14:[m[K [01;31m[Kerror: [m[Kâ€˜[01m[Kstd::shared_future[m[Kâ€™ is not a type
[4.970s]    22 |         std::[01;31m[Kshared_future[m[K<sentry_srvs::srv::NavTarget::Response::SharedPtr> future_result) override;
[4.970s]       |              [01;31m[K^~~~~~~~~~~~~[m[K
[4.970s] [01m[K/home/niuoruo/workspace/sentry/ws/sentry_desicion/src/sentry_behavior_tree/include/sentry_behavior_tree/plugins/service/set_target_service.hpp:22:27:[m[K [01;31m[Kerror: [m[Kexpected â€˜[01m[K,[m[Kâ€™ or â€˜[01m[K...[m[Kâ€™ before â€˜[01m[K<[m[Kâ€™ token
[4.971s]    22 |         std::shared_future[01;31m[K<[m[Ksentry_srvs::srv::NavTarget::Response::SharedPtr> future_result) override;
[4.971s]       |                           [01;31m[K^[m[K
[4.971s] [01m[K/home/niuoruo/workspace/sentry/ws/sentry_desicion/src/sentry_behavior_tree/include/sentry_behavior_tree/plugins/service/set_target_service.hpp:19:14:[m[K [01;31m[Kerror: [m[Kâ€˜[01m[Kvoid sentry_behavior_tree::SetTargetService::on_tick()[m[Kâ€™ marked â€˜[01m[Koverride[m[Kâ€™, but does not override
[4.971s]    19 |         void [01;31m[Kon_tick[m[K() override;
[4.971s]       |              [01;31m[K^~~~~~~[m[K
[4.971s] [01m[K/home/niuoruo/workspace/sentry/ws/sentry_desicion/src/sentry_behavior_tree/include/sentry_behavior_tree/plugins/service/set_target_service.hpp:21:24:[m[K [01;31m[Kerror: [m[Kâ€˜[01m[KBT::NodeStatus sentry_behavior_tree::SetTargetService::check_future(int)[m[Kâ€™ marked â€˜[01m[Koverride[m[Kâ€™, but does not override
[4.971s]    21 |         BT::NodeStatus [01;31m[Kcheck_future[m[K(
[4.971s]       |                        [01;31m[K^~~~~~~~~~~~[m[K
[4.971s] [01m[K/home/niuoruo/workspace/sentry/ws/sentry_desicion/src/sentry_behavior_tree/plugins/service/set_target_service.cpp:[m[K In constructor â€˜[01m[Ksentry_behavior_tree::SetTargetService::SetTargetService(const string&, const BT::NodeConfiguration&)[m[Kâ€™:
[4.971s] [01m[K/home/niuoruo/workspace/sentry/ws/sentry_desicion/src/sentry_behavior_tree/plugins/service/set_target_service.cpp:8:63:[m[K [01;31m[Kerror: [m[Kâ€˜[01m[KNavTarget[m[Kâ€™ is not a member of â€˜[01m[Ksentry_srvs::srv[m[Kâ€™
[4.971s]     8 |         : nav2_behavior_tree::BtServiceNode<sentry_srvs::srv::[01;31m[KNavTarget[m[K>(service_node_name, conf){}
[4.971s]       |                                                               [01;31m[K^~~~~~~~~[m[K
[4.971s] [01m[K/home/niuoruo/workspace/sentry/ws/sentry_desicion/src/sentry_behavior_tree/plugins/service/set_target_service.cpp:8:63:[m[K [01;31m[Kerror: [m[Kâ€˜[01m[KNavTarget[m[Kâ€™ is not a member of â€˜[01m[Ksentry_srvs::srv[m[Kâ€™
[4.972s] [01m[K/home/niuoruo/workspace/sentry/ws/sentry_desicion/src/sentry_behavior_tree/plugins/service/set_target_service.cpp:8:72:[m[K [01;31m[Kerror: [m[Ktemplate argument 1 is invalid
[4.972s]     8 |         : nav2_behavior_tree::BtServiceNode<sentry_srvs::srv::NavTarget[01;31m[K>[m[K(service_node_name, conf){}
[4.972s]       |                                                                        [01;31m[K^[m[K
[4.972s] [01m[K/home/niuoruo/workspace/sentry/ws/sentry_desicion/src/sentry_behavior_tree/plugins/service/set_target_service.cpp:8:73:[m[K [01;31m[Kerror: [m[Kexpected â€˜[01m[K{[m[Kâ€™ before â€˜[01m[K([m[Kâ€™ token
[4.972s]     8 |         : nav2_behavior_tree::BtServiceNode<sentry_srvs::srv::NavTarget>[01;31m[K([m[Kservice_node_name, conf){}
[4.972s]       |                                                                         [01;31m[K^[m[K
[4.972s] [01m[K/home/niuoruo/workspace/sentry/ws/sentry_desicion/src/sentry_behavior_tree/plugins/service/set_target_service.cpp:6:60:[m[K [01;35m[Kwarning: [m[Kunused parameter â€˜[01m[Kservice_node_name[m[Kâ€™ [[01;35m[K-Wunused-parameter[m[K]
[4.972s]     6 |     SetTargetService::SetTargetService([01;35m[Kconst std::string & service_node_name[m[K,
[4.972s]       |                                        [01;35m[K~~~~~~~~~~~~~~~~~~~~^~~~~~~~~~~~~~~~~[m[K
[4.972s] [01m[K/home/niuoruo/workspace/sentry/ws/sentry_desicion/src/sentry_behavior_tree/plugins/service/set_target_service.cpp:7:39:[m[K [01;35m[Kwarning: [m[Kunused parameter â€˜[01m[Kconf[m[Kâ€™ [[01;35m[K-Wunused-parameter[m[K]
[4.972s]     7 |         [01;35m[Kconst BT::NodeConfiguration & conf[m[K)
[4.972s]       |         [01;35m[K~~~~~~~~~~~~~~~~~~~~~~~~~~~~~~^~~~[m[K
[4.972s] [01m[K/home/niuoruo/workspace/sentry/ws/sentry_desicion/src/sentry_behavior_tree/plugins/service/set_target_service.cpp:[m[K At global scope:
[4.973s] [01m[K/home/niuoruo/workspace/sentry/ws/sentry_desicion/src/sentry_behavior_tree/plugins/service/set_target_service.cpp:8:91:[m[K [01;31m[Kerror: [m[Kexpected â€˜[01m[K)[m[Kâ€™ before â€˜[01m[K,[m[Kâ€™ token
[4.973s]     8 |         : nav2_behavior_tree::BtServiceNode<sentry_srvs::srv::NavTarget>[34m[K([m[Kservice_node_name[01;31m[K,[m[K conf){}
[4.973s]       |                                                                         [34m[K~[m[K                 [01;31m[K^[m[K
[4.973s]       |                                                                                           [32m[K)[m[K
[4.973s] [01m[K/home/niuoruo/workspace/sentry/ws/sentry_desicion/src/sentry_behavior_tree/plugins/service/set_target_service.cpp:8:97:[m[K [01;31m[Kerror: [m[Kexpected constructor, destructor, or type conversion before â€˜[01m[K)[m[Kâ€™ token
[4.973s]     8 |         : nav2_behavior_tree::BtServiceNode<sentry_srvs::srv::NavTarget>(service_node_name, conf[01;31m[K)[m[K{}
[4.973s]       |                                                                                                 [01;31m[K^[m[K
[4.973s] [01m[K/home/niuoruo/workspace/sentry/ws/sentry_desicion/src/sentry_behavior_tree/plugins/service/set_target_service.cpp:[m[K In member function â€˜[01m[Kvoid sentry_behavior_tree::SetTargetService::on_tick()[m[Kâ€™:
[4.973s] [01m[K/home/niuoruo/workspace/sentry/ws/sentry_desicion/src/sentry_behavior_tree/plugins/service/set_target_service.cpp:12:9:[m[K [01;31m[Kerror: [m[Kâ€˜[01m[Krequest_[m[Kâ€™ was not declared in this scope
[4.973s]    12 |         [01;31m[Krequest_[m[K->pose.pose.position.x = 0;
[4.973s]       |         [01;31m[K^~~~~~~~[m[K
[4.974s] In file included from [01m[K/opt/ros/foxy/include/rclcpp/service.hpp:34[m[K,
[4.974s]                  from [01m[K/opt/ros/foxy/include/rclcpp/callback_group.hpp:25[m[K,
[4.975s]                  from [01m[K/opt/ros/foxy/include/rclcpp/any_executable.hpp:20[m[K,
[4.975s]                  from [01m[K/opt/ros/foxy/include/rclcpp/memory_strategy.hpp:24[m[K,
[4.975s]                  from [01m[K/opt/ros/foxy/include/rclcpp/memory_strategies.hpp:18[m[K,
[4.975s]                  from [01m[K/opt/ros/foxy/include/rclcpp/executor_options.hpp:20[m[K,
[4.975s]                  from [01m[K/opt/ros/foxy/include/rclcpp/executor.hpp:33[m[K,
[4.975s]                  from [01m[K/opt/ros/foxy/include/rclcpp/executors/multi_threaded_executor.hpp:26[m[K,
[4.975s]                  from [01m[K/opt/ros/foxy/include/rclcpp/executors.hpp:21[m[K,
[4.975s]                  from [01m[K/opt/ros/foxy/include/rclcpp/rclcpp.hpp:146[m[K,
[4.975s]                  from [01m[K/opt/ros/foxy/include/nav2_util/node_utils.hpp:19[m[K,
[4.975s]                  from [01m[K/opt/ros/foxy/include/nav2_behavior_tree/bt_service_node.hpp:22[m[K,
[4.975s]                  from [01m[K/home/niuoruo/workspace/sentry/ws/sentry_desicion/src/sentry_behavior_tree/include/sentry_behavior_tree/plugins/service/set_target_service.hpp:4[m[K,
[4.976s]                  from [01m[K/home/niuoruo/workspace/sentry/ws/sentry_desicion/src/sentry_behavior_tree/plugins/service/set_target_service.cpp:2[m[K:
[4.976s] [01m[K/home/niuoruo/workspace/sentry/ws/sentry_desicion/src/sentry_behavior_tree/plugins/service/set_target_service.cpp:15:21:[m[K [01;31m[Kerror: [m[Kâ€˜[01m[Knode_[m[Kâ€™ was not declared in this scope; did you mean â€˜[01m[Kmode_t[m[Kâ€™?
[4.976s]    15 |         RCLCPP_INFO([01;31m[Knode_[m[K->get_logger(),"set_target_service on_tick()... ");
[4.976s]       |                     [01;31m[K^~~~~[m[K
[4.976s] [01m[K/home/niuoruo/workspace/sentry/ws/sentry_desicion/src/sentry_behavior_tree/plugins/service/set_target_service.cpp:15:9:[m[K [01;31m[Kerror: [m[Ktemplate argument 1 is invalid
[4.976s]    15 |         [01;31m[KRCLCPP_INFO[m[K(node_->get_logger(),"set_target_service on_tick()... ");
[4.976s]       |         [01;31m[K^~~~~~~~~~~[m[K
[4.976s] [01m[K/home/niuoruo/workspace/sentry/ws/sentry_desicion/src/sentry_behavior_tree/plugins/service/set_target_service.cpp:15:9:[m[K [01;31m[Kerror: [m[Ktemplate argument 1 is invalid
[4.976s]    15 |         [01;31m[KRCLCPP_INFO[m[K(node_->get_logger(),"set_target_service on_tick()... ");
[4.976s]       |         [01;31m[K^~~~~~~~~~~[m[K
[4.976s] [01m[K/home/niuoruo/workspace/sentry/ws/sentry_desicion/src/sentry_behavior_tree/plugins/service/set_target_service.cpp:15:9:[m[K [01;31m[Kerror: [m[Ktemplate argument 1 is invalid
[4.976s]    15 |         [01;31m[KRCLCPP_INFO[m[K(node_->get_logger(),"set_target_service on_tick()... ");
[4.977s]       |         [01;31m[K^~~~~~~~~~~[m[K
[4.977s] [01m[K/home/niuoruo/workspace/sentry/ws/sentry_desicion/src/sentry_behavior_tree/plugins/service/set_target_service.cpp:[m[K At global scope:
[4.977s] [01m[K/home/niuoruo/workspace/sentry/ws/sentry_desicion/src/sentry_behavior_tree/plugins/service/set_target_service.cpp:19:42:[m[K [01;31m[Kerror: [m[Kâ€˜[01m[KNavTarget[m[Kâ€™ is not a member of â€˜[01m[Ksentry_srvs::srv[m[Kâ€™
[4.977s]    19 |     std::shared_future<sentry_srvs::srv::[01;31m[KNavTarget[m[K::Response::SharedPtr> future_result)
[4.977s]       |                                          [01;31m[K^~~~~~~~~[m[K
[4.977s] [01m[K/home/niuoruo/workspace/sentry/ws/sentry_desicion/src/sentry_behavior_tree/plugins/service/set_target_service.cpp:19:42:[m[K [01;31m[Kerror: [m[Kâ€˜[01m[KNavTarget[m[Kâ€™ is not a member of â€˜[01m[Ksentry_srvs::srv[m[Kâ€™
[4.977s] [01m[K/home/niuoruo/workspace/sentry/ws/sentry_desicion/src/sentry_behavior_tree/plugins/service/set_target_service.cpp:19:72:[m[K [01;31m[Kerror: [m[Ktemplate argument 1 is invalid
[4.977s]    19 |     std::shared_future<sentry_srvs::srv::NavTarget::Response::SharedPtr[01;31m[K>[m[K future_result)
[4.977s]       |                                                                        [01;31m[K^[m[K
[4.977s] [01m[K/home/niuoruo/workspace/sentry/ws/sentry_desicion/src/sentry_behavior_tree/plugins/service/set_target_service.cpp:19:42:[m[K [01;31m[Kerror: [m[Kâ€˜[01m[KNavTarget[m[Kâ€™ is not a member of â€˜[01m[Ksentry_srvs::srv[m[Kâ€™
[4.977s]    19 |     std::shared_future<sentry_srvs::srv::[01;31m[KNavTarget[m[K::Response::SharedPtr> future_result)
[4.978s]       |                                          [01;31m[K^~~~~~~~~[m[K
[4.978s] [01m[K/home/niuoruo/workspace/sentry/ws/sentry_desicion/src/sentry_behavior_tree/plugins/service/set_target_service.cpp:19:42:[m[K [01;31m[Kerror: [m[Kâ€˜[01m[KNavTarget[m[Kâ€™ is not a member of â€˜[01m[Ksentry_srvs::srv[m[Kâ€™
[4.978s] [01m[K/home/niuoruo/workspace/sentry/ws/sentry_desicion/src/sentry_behavior_tree/plugins/service/set_target_service.cpp:19:72:[m[K [01;31m[Kerror: [m[Ktemplate argument 1 is invalid
[4.978s]    19 |     std::shared_future<sentry_srvs::srv::NavTarget::Response::SharedPtr[01;31m[K>[m[K future_result)
[4.978s]       |                                                                        [01;31m[K^[m[K
[4.978s] [01m[K/home/niuoruo/workspace/sentry/ws/sentry_desicion/src/sentry_behavior_tree/plugins/service/set_target_service.cpp:19:42:[m[K [01;31m[Kerror: [m[Kâ€˜[01m[KNavTarget[m[Kâ€™ is not a member of â€˜[01m[Ksentry_srvs::srv[m[Kâ€™
[4.978s]    19 |     std::shared_future<sentry_srvs::srv::[01;31m[KNavTarget[m[K::Response::SharedPtr> future_result)
[4.978s]       |                                          [01;31m[K^~~~~~~~~[m[K
[4.978s] [01m[K/home/niuoruo/workspace/sentry/ws/sentry_desicion/src/sentry_behavior_tree/plugins/service/set_target_service.cpp:19:42:[m[K [01;31m[Kerror: [m[Kâ€˜[01m[KNavTarget[m[Kâ€™ is not a member of â€˜[01m[Ksentry_srvs::srv[m[Kâ€™
[4.978s] [01m[K/home/niuoruo/workspace/sentry/ws/sentry_desicion/src/sentry_behavior_tree/plugins/service/set_target_service.cpp:19:72:[m[K [01;31m[Kerror: [m[Ktemplate argument 1 is invalid
[4.979s]    19 |     std::shared_future<sentry_srvs::srv::NavTarget::Response::SharedPtr[01;31m[K>[m[K future_result)
[4.979s]       |                                                                        [01;31m[K^[m[K
[4.979s] [01m[K/home/niuoruo/workspace/sentry/ws/sentry_desicion/src/sentry_behavior_tree/plugins/service/set_target_service.cpp:18:20:[m[K [01;31m[Kerror: [m[Kâ€˜[01m[KBT::NodeStatus sentry_behavior_tree::SetTargetService::check_future[m[Kâ€™ is not a static data member of â€˜[01m[Kclass sentry_behavior_tree::SetTargetService[m[Kâ€™
[4.979s]    18 |     BT::NodeStatus [01;31m[KSetTargetService[m[K::check_future(
[4.979s]       |                    [01;31m[K^~~~~~~~~~~~~~~~[m[K
[4.979s] [01m[K/home/niuoruo/workspace/sentry/ws/sentry_desicion/src/sentry_behavior_tree/plugins/service/set_target_service.cpp:19:42:[m[K [01;31m[Kerror: [m[Kâ€˜[01m[KNavTarget[m[Kâ€™ is not a member of â€˜[01m[Ksentry_srvs::srv[m[Kâ€™
[4.979s]    19 |     std::shared_future<sentry_srvs::srv::[01;31m[KNavTarget[m[K::Response::SharedPtr> future_result)
[4.979s]       |                                          [01;31m[K^~~~~~~~~[m[K
[4.979s] [01m[K/home/niuoruo/workspace/sentry/ws/sentry_desicion/src/sentry_behavior_tree/plugins/service/set_target_service.cpp:19:42:[m[K [01;31m[Kerror: [m[Kâ€˜[01m[KNavTarget[m[Kâ€™ is not a member of â€˜[01m[Ksentry_srvs::srv[m[Kâ€™
[4.979s] [01m[K/home/niuoruo/workspace/sentry/ws/sentry_desicion/src/sentry_behavior_tree/plugins/service/set_target_service.cpp:19:72:[m[K [01;31m[Kerror: [m[Ktemplate argument 1 is invalid
[4.979s]    19 |     std::shared_future<sentry_srvs::srv::NavTarget::Response::SharedPtr[01;31m[K>[m[K future_result)
[4.980s]       |                                                                        [01;31m[K^[m[K
[5.127s] In file included from [01m[K/home/niuoruo/workspace/sentry/ws/sentry_desicion/src/sentry_behavior_tree/plugins/service/set_target_service.cpp:40[m[K:
[5.127s] /opt/ros/foxy/include/behaviortree_cpp_v3/bt_factory.h: In instantiation of â€˜[01m[Kvoid BT::BehaviorTreeFactory::registerNodeType(const string&) [with T = sentry_behavior_tree::SetTargetService; std::string = std::__cxx11::basic_string<char>][m[Kâ€™:
[5.127s] [01m[K/home/niuoruo/workspace/sentry/ws/sentry_desicion/src/sentry_behavior_tree/plugins/service/set_target_service.cpp:44:16:[m[K   required from here
[5.127s] [01m[K/opt/ros/foxy/include/behaviortree_cpp_v3/bt_factory.h:368:64:[m[K [01;31m[Kerror: [m[Kstatic assertion failed: [registerNode]: accepts only classed derived from either ActionNodeBase, DecoratorNode, ControlNode or ConditionNode
[5.127s]   366 |     static_assert(std::is_base_of<ActionNodeBase, T>::[01;31m[Kvalue ||[m[K
[5.127s]       |                                                       [01;31m[K~~~~~~~~[m[K  
[5.127s]   367 | [01;31m[K                      std::is_base_of<ControlNode, T>::value ||[m[K
[5.127s]       |                       [01;31m[K~~~~~~~~~~~~~~~~~~~~~~~~~~~~~~~~~~~~~~~~~[m[K 
[5.127s]   368 | [01;31m[K                      std::is_base_of<DecoratorNode, T>::value ||[m[K
[5.127s]       |                       [01;31m[K~~~~~~~~~~~~~~~~~~~~~~~~~~~~~~~~~~~~~~~~~^~[m[K
[5.127s]   369 | [01;31m[K                      std::is_base_of<ConditionNode, T>::value[m[K,
[5.128s]       |                       [01;31m[K~~~~~~~~~~~~~~~~~~~~~~~~~~~~~~~~~~~~~~~~[m[K  
[5.128s] [01m[K/opt/ros/foxy/include/behaviortree_cpp_v3/bt_factory.h:399:19:[m[K [01;31m[Kerror: [m[Kstatic assertion failed: [registerNode]: you MUST implement the static method:   PortsList providedPorts();
[5.128s] 
[5.128s]   399 |     static_assert([01;31m[K!(param_constructable && !has_static_ports_list)[m[K, "[registerNode]: you "
[5.128s]       |                   [01;31m[K^~~~~~~~~~~~~~~~~~~~~~~~~~~~~~~~~~~~~~~~~~~~~~~~[m[K
[5.711s] make[2]: *** [CMakeFiles/set_target_bt_node.dir/build.make:63: CMakeFiles/set_target_bt_node.dir/plugins/service/set_target_service.cpp.o] Error 1
[5.711s] make[1]: *** [CMakeFiles/Makefile2:202: CMakeFiles/set_target_bt_node.dir/all] Error 2
[5.712s] make[1]: *** Waiting for unfinished jobs....
[6.191s] [ 83%] [32m[1mLinking CXX shared library libgo_back_bt_node.so[0m
[6.381s] [ 83%] Built target go_back_bt_node
[6.609s] [ 88%] [32m[1mLinking CXX shared library librmul_go_supply_bt_node.so[0m
[6.628s] [ 94%] [32m[1mLinking CXX shared library librmul_patrol_bt_node.so[0m
[6.805s] [ 94%] Built target rmul_go_supply_bt_node
[6.824s] [ 94%] Built target rmul_patrol_bt_node
[6.825s] make: *** [Makefile:141: all] Error 2
[6.827s] Invoked command in '/home/niuoruo/workspace/sentry/ws/sentry_desicion/build/sentry_behavior_tree' returned '2': AMENT_PREFIX_PATH=/home/niuoruo/workspace/sentry/ws/sentry_desicion/install/sentry_srvs:/home/niuoruo/workspace/sentry/ws/sentry_desicion/install/sentry_interfaces:${AMENT_PREFIX_PATH} CMAKE_PREFIX_PATH=/home/niuoruo/workspace/sentry/ws/sentry_desicion/install/sentry_srvs:/home/niuoruo/workspace/sentry/ws/sentry_desicion/install/sentry_interfaces:/opt/ros/foxy LD_LIBRARY_PATH=/home/niuoruo/workspace/sentry/ws/sentry_desicion/install/sentry_srvs/lib:/home/niuoruo/workspace/sentry/ws/sentry_desicion/install/sentry_interfaces/lib:/opt/ros/foxy/opt/yaml_cpp_vendor/lib:/opt/ros/foxy/opt/rviz_ogre_vendor/lib:/opt/ros/foxy/lib/x86_64-linux-gnu:/opt/ros/foxy/lib:/usr/local/cuda-11.4/lib64:/usr/local/cuda-11.4/extras/CUPTI/lib64:/home/niuoruo/bag/TensorRT/TensorRT-8.2.3.0.Linux.x86_64-gnu.cuda-11.4.cudnn8.2/TensorRT-8.2.3.0/lib PYTHONPATH=/home/niuoruo/workspace/sentry/ws/sentry_desicion/install/sentry_srvs/lib/python3.8/site-packages:/home/niuoruo/workspace/sentry/ws/sentry_desicion/install/sentry_interfaces/lib/python3.8/site-packages:${PYTHONPATH} /usr/bin/cmake --build /home/niuoruo/workspace/sentry/ws/sentry_desicion/build/sentry_behavior_tree -- -j16 -l16
